<?xml version="1.0" encoding="UTF-8"?>
<!-- Generated by org.testng.reporters.JUnitReportReporter -->
<testsuite hostname="DELL" failures="0" tests="9" name="org.hhp.testCases.HeaderNew" time="105.270" errors="0" timestamp="2022-04-25T14:43:35 GMT-07:00" skipped="0">
  <testcase classname="org.hhp.testCases.HeaderNew" name="verifyLogo" time="16.800"/>
  <system-out/>
  <testcase classname="org.hhp.testCases.HeaderNew" name="verifyMedDisLnk" time="16.040"/>
  <system-out/>
  <testcase classname="org.hhp.testCases.HeaderNew" name="verifyWhoWeAreLnk" time="1.917"/>
  <system-out/>
  <testcase classname="org.hhp.testCases.HeaderNew" name="verifyWhatWeDoLnk" time="30.642"/>
  <system-out/>
  <testcase classname="org.hhp.testCases.HeaderNew" name="verifyWhyHHPMenu" time="0.338"/>
  <system-out/>
  <testcase classname="org.hhp.testCases.HeaderNew" name="verifyHowToHelpMenu" time="0.521"/>
  <system-out/>
  <testcase classname="org.hhp.testCases.HeaderNew" name="verifyNewsMenu" time="1.285"/>
  <system-out/>
  <testcase classname="org.hhp.testCases.HeaderNew" name="verifyDonateBtn" time="17.270"/>
  <system-out/>
  <testcase classname="org.hhp.testCases.HeaderNew" name="verifyLoginBtn" time="20.457"/>
  <system-out/>
</testsuite> <!-- org.hhp.testCases.HeaderNew -->
