<?xml version="1.0" encoding="UTF-8"?>
<!-- Generated by org.testng.reporters.JUnitReportReporter -->
<testsuite hostname="DELL" failures="0" tests="6" name="org.hhp.testCases.HHPLATest_UsingLogin" time="67.445" errors="0" timestamp="2022-04-20T16:54:46 GMT-07:00" skipped="0">
  <testcase classname="org.hhp.testCases.HHPLATest_UsingLogin" name="verifyLoginForCoursePurchase" time="18.527"/>
  <system-out/>
  <testcase classname="org.hhp.testCases.HHPLATest_UsingLogin" name="learningAcademySetUp" time="12.174"/>
  <system-out/>
  <testcase classname="org.hhp.testCases.HHPLATest_UsingLogin" name="verifyCoursePriceDetails" time="21.759"/>
  <system-out/>
  <testcase classname="org.hhp.testCases.HHPLATest_UsingLogin" name="verifyProductDetailsInCart" time="0.550"/>
  <system-out/>
  <testcase classname="org.hhp.testCases.HHPLATest_UsingLogin" name="verifyCartTotals" time="12.872"/>
  <system-out/>
  <testcase classname="org.hhp.testCases.HHPLATest_UsingLogin" name="verifyBillingDetails" time="1.563"/>
  <system-out/>
</testsuite> <!-- org.hhp.testCases.HHPLATest_UsingLogin -->
