<?xml version="1.0" encoding="UTF-8"?>
<!-- Generated by org.testng.reporters.JUnitReportReporter -->
<testsuite hostname="DELL" failures="0" tests="4" name="org.hhp.testCases.SlideShowTest" time="36.584" errors="0" timestamp="2022-04-20T16:52:36 GMT-07:00" skipped="0">
  <testcase classname="org.hhp.testCases.SlideShowTest" name="slideShowSetUp" time="0.632"/>
  <system-out/>
  <testcase classname="org.hhp.testCases.SlideShowTest" name="verifyOnlineEventsSlide" time="9.587"/>
  <system-out/>
  <testcase classname="org.hhp.testCases.SlideShowTest" name="verifyRealDataSlide" time="11.638"/>
  <system-out/>
  <testcase classname="org.hhp.testCases.SlideShowTest" name="verifyDonateToHelpGrowSlide" time="14.727"/>
  <system-out/>
</testsuite> <!-- org.hhp.testCases.SlideShowTest -->
