<?xml version="1.0" encoding="UTF-8"?>
<!-- Generated by org.testng.reporters.JUnitReportReporter -->
<testsuite hostname="DELL" failures="0" tests="5" name="org.hhp.testCases.SignUpTest" time="49.737" errors="0" timestamp="2022-04-19T14:04:06 GMT-07:00" skipped="0">
  <testcase classname="org.hhp.testCases.SignUpTest" name="signUpPageSetup" time="9.797"/>
  <system-out/>
  <testcase classname="org.hhp.testCases.SignUpTest" name="verifySignUpHereLink" time="4.656"/>
  <system-out/>
  <testcase classname="org.hhp.testCases.SignUpTest" name="verifySignUp_ValidCredentials" time="19.826"/>
  <system-out/>
  <testcase classname="org.hhp.testCases.SignUpTest" name="verifySignUp_InValidCredentials" time="7.896"/>
  <system-out/>
  <testcase classname="org.hhp.testCases.SignUpTest" name="verifyLoginWithoutEmailVerification" time="7.562"/>
  <system-out/>
</testsuite> <!-- org.hhp.testCases.SignUpTest -->
