<?xml version="1.0" encoding="UTF-8"?>
<!-- Generated by org.testng.reporters.JUnitReportReporter -->
<testsuite hostname="DELL" failures="0" tests="9" name="org.hhp.testCases.DonateTest" time="14.744" errors="0" timestamp="2022-04-22T17:02:46 GMT-07:00" skipped="0">
  <testcase classname="org.hhp.testCases.DonateTest" name="donatePageSetup" time="6.503"/>
  <system-out/>
  <testcase classname="org.hhp.testCases.DonateTest" name="verifyPageHeading" time="0.167"/>
  <system-out/>
  <testcase classname="org.hhp.testCases.DonateTest" name="verifyPageContent" time="0.099"/>
  <system-out/>
  <testcase classname="org.hhp.testCases.DonateTest" name="verifyGiveTodayBtn" time="6.605"/>
  <system-out/>
  <testcase classname="org.hhp.testCases.DonateTest" name="verify_Equality_Image" time="0.160"/>
  <system-out/>
  <testcase classname="org.hhp.testCases.DonateTest" name="verifyInformation" time="0.293"/>
  <system-out/>
  <testcase classname="org.hhp.testCases.DonateTest" name="verifyEducation" time="0.293"/>
  <system-out/>
  <testcase classname="org.hhp.testCases.DonateTest" name="verifySupport" time="0.349"/>
  <system-out/>
  <testcase classname="org.hhp.testCases.DonateTest" name="verifyText" time="0.275"/>
  <system-out/>
</testsuite> <!-- org.hhp.testCases.DonateTest -->
