<?xml version="1.0" encoding="UTF-8"?>
<!-- Generated by org.testng.reporters.JUnitReportReporter -->
<testsuite hostname="DELL" failures="0" tests="5" name="org.hhp.testCases.LoginTest" time="59.325" errors="0" timestamp="2022-04-22T16:47:29 GMT-07:00" skipped="0">
  <testcase classname="org.hhp.testCases.LoginTest" name="loginPageSetup" time="10.381"/>
  <system-out/>
  <testcase classname="org.hhp.testCases.LoginTest" name="verifySignUpHereLink" time="13.024"/>
  <system-out/>
  <testcase classname="org.hhp.testCases.LoginTest" name="verifyLoginFormText" time="0.962"/>
  <system-out/>
  <testcase classname="org.hhp.testCases.LoginTest" name="verifyLoginWithInvalidCredentials" time="9.763"/>
  <system-out/>
  <testcase classname="org.hhp.testCases.LoginTest" name="verifyLoginWithValidCredentials" time="25.195"/>
  <system-out/>
</testsuite> <!-- org.hhp.testCases.LoginTest -->
