<?xml version="1.0" encoding="UTF-8"?>
<!-- Generated by org.testng.reporters.JUnitReportReporter -->
<testsuite hostname="DELL" failures="0" tests="17" name="org.hhp.testCases.FooterTest" time="0.003" errors="0" timestamp="2022-04-04T16:38:21 GMT-07:00" skipped="17">
  <testcase classname="org.hhp.testCases.FooterTest" name="verify_Footer_Column3_Title" time="0.000">
    <skipped/>
  </testcase> <!-- verify_Footer_Column3_Title -->
  <system-out/>
  <testcase classname="org.hhp.testCases.FooterTest" name="verify_Footer_Column3_QLinks_Text" time="0.000">
    <skipped/>
  </testcase> <!-- verify_Footer_Column3_QLinks_Text -->
  <system-out/>
  <testcase classname="org.hhp.testCases.FooterTest" name="verify_Footer_PrivacyPolicy_Link" time="0.001">
    <skipped/>
  </testcase> <!-- verify_Footer_PrivacyPolicy_Link -->
  <system-out/>
  <testcase classname="org.hhp.testCases.FooterTest" name="verify_Footer_Column3_LinkedIn_Icon" time="0.000">
    <skipped/>
  </testcase> <!-- verify_Footer_Column3_LinkedIn_Icon -->
  <system-out/>
  <testcase classname="org.hhp.testCases.FooterTest" name="verify_Footer_Column2_Text" time="0.001">
    <skipped/>
  </testcase> <!-- verify_Footer_Column2_Text -->
  <system-out/>
  <testcase classname="org.hhp.testCases.FooterTest" name="verify_Footer_Column2_Title" time="0.000">
    <skipped/>
  </testcase> <!-- verify_Footer_Column2_Title -->
  <system-out/>
  <testcase classname="org.hhp.testCases.FooterTest" name="verify_Footer_MedicalDisclaimer_Link" time="0.000">
    <skipped/>
  </testcase> <!-- verify_Footer_MedicalDisclaimer_Link -->
  <system-out/>
  <testcase classname="org.hhp.testCases.FooterTest" name="footer_Setup" time="0.000">
    <skipped/>
  </testcase> <!-- footer_Setup -->
  <system-out/>
  <testcase classname="org.hhp.testCases.FooterTest" name="verify_Footer_TermsofService_Link" time="0.000">
    <skipped/>
  </testcase> <!-- verify_Footer_TermsofService_Link -->
  <system-out/>
  <testcase classname="org.hhp.testCases.FooterTest" name="verify_Footer_Column3_Instagram_Icon" time="0.000">
    <skipped/>
  </testcase> <!-- verify_Footer_Column3_Instagram_Icon -->
  <system-out/>
  <testcase classname="org.hhp.testCases.FooterTest" name="verify_Footer_Column1_Title" time="0.000">
    <skipped/>
  </testcase> <!-- verify_Footer_Column1_Title -->
  <system-out/>
  <testcase classname="org.hhp.testCases.FooterTest" name="verify_Footer_Column3_Facebook_Icon" time="0.000">
    <skipped/>
  </testcase> <!-- verify_Footer_Column3_Facebook_Icon -->
  <system-out/>
  <testcase classname="org.hhp.testCases.FooterTest" name="verify_Footer_Column3_Twitter_Icon" time="0.000">
    <skipped/>
  </testcase> <!-- verify_Footer_Column3_Twitter_Icon -->
  <system-out/>
  <testcase classname="org.hhp.testCases.FooterTest" name="verify_Footer_Column1_Chart" time="0.001">
    <skipped/>
  </testcase> <!-- verify_Footer_Column1_Chart -->
  <system-out/>
  <testcase classname="org.hhp.testCases.FooterTest" name="verify_Footer_ContactUs_Link" time="0.000">
    <skipped/>
  </testcase> <!-- verify_Footer_ContactUs_Link -->
  <system-out/>
  <testcase classname="org.hhp.testCases.FooterTest" name="verify_Guidestar_Image" time="0.000">
    <skipped/>
  </testcase> <!-- verify_Guidestar_Image -->
  <system-out/>
  <testcase classname="org.hhp.testCases.FooterTest" name="verify_Greatnonprofits_Image" time="0.000">
    <skipped/>
  </testcase> <!-- verify_Greatnonprofits_Image -->
  <system-out/>
</testsuite> <!-- org.hhp.testCases.FooterTest -->
