<?xml version="1.0" encoding="UTF-8"?>
<!-- Generated by org.testng.reporters.JUnitReportReporter -->
<testsuite hostname="DELL" failures="0" tests="13" name="org.hhp.testCases.TC_DonatePageTest_003" time="0.001" errors="0" timestamp="2022-04-04T16:38:21 GMT-07:00" skipped="13">
  <testcase classname="org.hhp.testCases.TC_DonatePageTest_003" name="verify_Row1_Column1_Text2" time="0.000">
    <skipped/>
  </testcase> <!-- verify_Row1_Column1_Text2 -->
  <system-out/>
  <testcase classname="org.hhp.testCases.TC_DonatePageTest_003" name="verify_Education_Image" time="0.000">
    <skipped/>
  </testcase> <!-- verify_Education_Image -->
  <system-out/>
  <testcase classname="org.hhp.testCases.TC_DonatePageTest_003" name="verify_Information_Text" time="0.000">
    <skipped/>
  </testcase> <!-- verify_Information_Text -->
  <system-out/>
  <testcase classname="org.hhp.testCases.TC_DonatePageTest_003" name="verify_Education_Text" time="0.001">
    <skipped/>
  </testcase> <!-- verify_Education_Text -->
  <system-out/>
  <testcase classname="org.hhp.testCases.TC_DonatePageTest_003" name="verify_Support_Image" time="0.000">
    <skipped/>
  </testcase> <!-- verify_Support_Image -->
  <system-out/>
  <testcase classname="org.hhp.testCases.TC_DonatePageTest_003" name="verify_Equality_Image" time="0.000">
    <skipped/>
  </testcase> <!-- verify_Equality_Image -->
  <system-out/>
  <testcase classname="org.hhp.testCases.TC_DonatePageTest_003" name="verify_Row3_Text" time="0.000">
    <skipped/>
  </testcase> <!-- verify_Row3_Text -->
  <system-out/>
  <testcase classname="org.hhp.testCases.TC_DonatePageTest_003" name="donatePageSetup" time="0.000">
    <skipped/>
  </testcase> <!-- donatePageSetup -->
  <system-out/>
  <testcase classname="org.hhp.testCases.TC_DonatePageTest_003" name="verify_Row1_Column1_Text1" time="0.000">
    <skipped/>
  </testcase> <!-- verify_Row1_Column1_Text1 -->
  <system-out/>
  <testcase classname="org.hhp.testCases.TC_DonatePageTest_003" name="verify_GiveToday_Image" time="0.000">
    <skipped/>
  </testcase> <!-- verify_GiveToday_Image -->
  <system-out/>
  <testcase classname="org.hhp.testCases.TC_DonatePageTest_003" name="verify_Support_Text" time="0.000">
    <skipped/>
  </testcase> <!-- verify_Support_Text -->
  <system-out/>
  <testcase classname="org.hhp.testCases.TC_DonatePageTest_003" name="verify_GiveToday_Btn" time="0.000">
    <skipped/>
  </testcase> <!-- verify_GiveToday_Btn -->
  <system-out/>
  <testcase classname="org.hhp.testCases.TC_DonatePageTest_003" name="verify_Information_Image" time="0.000">
    <skipped/>
  </testcase> <!-- verify_Information_Image -->
  <system-out/>
</testsuite> <!-- org.hhp.testCases.TC_DonatePageTest_003 -->
